Starting Dapr with id api. HTTP Port: 36217. gRPC Port: 35079
Updating metadata for cliPID: 5078
time="2025-07-03T17:48:38.146667768-03:00" level=info msg="Starting Dapr Runtime -- version 1.15.1 -- commit 2ba4bf3926c8b74182181969adafea3477b3b7ed" app_id=api instance=DESKTOP-3DROC2S scope=dapr.runtime type=log ver=1.15.1
time="2025-07-03T17:48:38.146689419-03:00" level=info msg="Log level set to: info" app_id=api instance=DESKTOP-3DROC2S scope=dapr.runtime type=log ver=1.15.1
time="2025-07-03T17:48:38.146923295-03:00" level=warning msg="mTLS is disabled. Skipping certificate request and tls validation" app_id=api instance=DESKTOP-3DROC2S scope=dapr.runtime.security type=log ver=1.15.1
time="2025-07-03T17:48:38.14727829-03:00" level=info msg="Enabled features: SchedulerReminders" app_id=api instance=DESKTOP-3DROC2S scope=dapr.runtime type=log ver=1.15.1
time="2025-07-03T17:48:38.147359225-03:00" level=info msg="metric spec: {\"enabled\":true}" app_id=api instance=DESKTOP-3DROC2S scope=dapr.runtime.diagnostics type=log ver=1.15.1
time="2025-07-03T17:48:38.147382129-03:00" level=info msg="Using default latency distribution buckets: [1 2 3 4 5 6 8 10 13 16 20 25 30 40 50 65 80 100 130 160 200 250 300 400 500 650 800 1000 2000 5000 10000 20000 50000 100000]" app_id=api instance=DESKTOP-3DROC2S scope=dapr.runtime.diagnostics type=log ver=1.15.1
time="2025-07-03T17:48:38.147477702-03:00" level=warning msg="The default value for 'spec.metric.http.increasedCardinality' will change to 'false' in Dapr 1.15 or later" app_id=api instance=DESKTOP-3DROC2S scope=dapr.runtime.diagnostics type=log ver=1.15.1
time="2025-07-03T17:48:38.148135064-03:00" level=info msg="standalone mode configured" app_id=api instance=DESKTOP-3DROC2S scope=dapr.runtime type=log ver=1.15.1
time="2025-07-03T17:48:38.148150634-03:00" level=info msg="app id: api" app_id=api instance=DESKTOP-3DROC2S scope=dapr.runtime type=log ver=1.15.1
time="2025-07-03T17:48:38.149053496-03:00" level=info msg="metrics server started on 0.0.0.0:46085/" app_id=api instance=DESKTOP-3DROC2S scope=dapr.runtime type=log ver=1.15.1
time="2025-07-03T17:48:38.149148983-03:00" level=info msg="Dapr trace sampler initialized: ParentBased{root:AlwaysOnSampler,remoteParentSampled:AlwaysOnSampler,remoteParentNotSampled:AlwaysOffSampler,localParentSampled:AlwaysOnSampler,localParentNotSampled:AlwaysOffSampler}" app_id=api instance=DESKTOP-3DROC2S scope=dapr.runtime type=log ver=1.15.1
time="2025-07-03T17:48:38.149311304-03:00" level=info msg="local service entry announced: api -> 172.17.175.115:39907" app_id=api component="nr (mdns/v1)" instance=DESKTOP-3DROC2S scope=dapr.contrib type=log ver=1.15.1
time="2025-07-03T17:48:38.149325922-03:00" level=info msg="Initialized name resolution to mdns" app_id=api instance=DESKTOP-3DROC2S scope=dapr.runtime type=log ver=1.15.1
time="2025-07-03T17:48:38.149359446-03:00" level=info msg="Loading components…" app_id=api instance=DESKTOP-3DROC2S scope=dapr.runtime type=log ver=1.15.1
time="2025-07-03T17:48:38.149592361-03:00" level=info msg="Attempting to connect to scheduler: localhost:50006" app_id=api instance=DESKTOP-3DROC2S scope=dapr.runtime.scheduler type=log ver=1.15.1
time="2025-07-03T17:48:38.150051014-03:00" level=info msg="successful init for input binding (cron (bindings.cron/v1))" app_id=api instance=DESKTOP-3DROC2S scope=dapr.runtime.processor.binding type=log ver=1.15.1
time="2025-07-03T17:48:38.150090239-03:00" level=info msg="Component loaded: cron (bindings.cron/v1)" app_id=api instance=DESKTOP-3DROC2S scope=dapr.runtime.processor type=log ver=1.15.1
time="2025-07-03T17:48:38.151762297-03:00" level=info msg="Component loaded: messagebus (pubsub.redis/v1)" app_id=api instance=DESKTOP-3DROC2S scope=dapr.runtime.processor type=log ver=1.15.1
time="2025-07-03T17:48:38.151926621-03:00" level=info msg="Waiting for all outstanding components to be processed…" app_id=api instance=DESKTOP-3DROC2S scope=dapr.runtime type=log ver=1.15.1
time="2025-07-03T17:48:38.151935568-03:00" level=info msg="Received scheduler hosts addresses: [localhost:50006]" app_id=api instance=DESKTOP-3DROC2S scope=dapr.runtime.scheduler type=log ver=1.15.1
time="2025-07-03T17:48:38.152076057-03:00" level=info msg="Scheduler client initialized for address: localhost:50006" app_id=api instance=DESKTOP-3DROC2S scope=dapr.runtime.scheduler.clients type=log ver=1.15.1
time="2025-07-03T17:48:38.152112687-03:00" level=info msg="Scheduler clients initialized" app_id=api instance=DESKTOP-3DROC2S scope=dapr.runtime.scheduler.clients type=log ver=1.15.1
time="2025-07-03T17:48:38.15366973-03:00" level=info msg="Component loaded: statestore (state.redis/v1)" app_id=api instance=DESKTOP-3DROC2S scope=dapr.runtime.processor type=log ver=1.15.1
time="2025-07-03T17:48:38.153686342-03:00" level=info msg="All outstanding components processed" app_id=api instance=DESKTOP-3DROC2S scope=dapr.runtime type=log ver=1.15.1
time="2025-07-03T17:48:38.153695699-03:00" level=info msg="Loading endpoints…" app_id=api instance=DESKTOP-3DROC2S scope=dapr.runtime type=log ver=1.15.1
time="2025-07-03T17:48:38.153850385-03:00" level=info msg="Waiting for all outstanding http endpoints to be processed…" app_id=api instance=DESKTOP-3DROC2S scope=dapr.runtime type=log ver=1.15.1
time="2025-07-03T17:48:38.153861497-03:00" level=info msg="All outstanding http endpoints processed" app_id=api instance=DESKTOP-3DROC2S scope=dapr.runtime type=log ver=1.15.1
time="2025-07-03T17:48:38.15386851-03:00" level=info msg="Loading Declarative Subscriptions…" app_id=api instance=DESKTOP-3DROC2S scope=dapr.runtime type=log ver=1.15.1
time="2025-07-03T17:48:38.1541667-03:00" level=info msg="gRPC server listening on TCP address: :35079" app_id=api instance=DESKTOP-3DROC2S scope=dapr.runtime.grpc.api type=log ver=1.15.1
time="2025-07-03T17:48:38.154179916-03:00" level=info msg="Enabled gRPC tracing middleware" app_id=api instance=DESKTOP-3DROC2S scope=dapr.runtime.grpc.api type=log ver=1.15.1
time="2025-07-03T17:48:38.154185707-03:00" level=info msg="Enabled gRPC metrics middleware" app_id=api instance=DESKTOP-3DROC2S scope=dapr.runtime.grpc.api type=log ver=1.15.1
time="2025-07-03T17:48:38.154225373-03:00" level=info msg="Registering workflow engine for gRPC endpoint: [::]:35079" app_id=api instance=DESKTOP-3DROC2S scope=dapr.runtime.grpc.api type=log ver=1.15.1
time="2025-07-03T17:48:38.154242896-03:00" level=info msg="API gRPC server is running on port 35079" app_id=api instance=DESKTOP-3DROC2S scope=dapr.runtime type=log ver=1.15.1
time="2025-07-03T17:48:38.154255951-03:00" level=warning msg="The default value for 'spec.metric.http.increasedCardinality' will change to 'false' in Dapr 1.15 or later" app_id=api instance=DESKTOP-3DROC2S scope=dapr.runtime.http type=log ver=1.15.1
time="2025-07-03T17:48:38.154280638-03:00" level=info msg="Enabled max body size HTTP middleware with size 4194304 bytes" app_id=api instance=DESKTOP-3DROC2S scope=dapr.runtime.http type=log ver=1.15.1
time="2025-07-03T17:48:38.154287662-03:00" level=info msg="Enabled tracing HTTP middleware" app_id=api instance=DESKTOP-3DROC2S scope=dapr.runtime.http type=log ver=1.15.1
time="2025-07-03T17:48:38.154293172-03:00" level=info msg="Enabled metrics HTTP middleware" app_id=api instance=DESKTOP-3DROC2S scope=dapr.runtime.http type=log ver=1.15.1
time="2025-07-03T17:48:38.154491592-03:00" level=info msg="HTTP server listening on TCP address: :36217" app_id=api instance=DESKTOP-3DROC2S scope=dapr.runtime.http type=log ver=1.15.1
time="2025-07-03T17:48:38.154512842-03:00" level=info msg="HTTP server is running on port 36217" app_id=api instance=DESKTOP-3DROC2S scope=dapr.runtime type=log ver=1.15.1
time="2025-07-03T17:48:38.154519706-03:00" level=info msg="The request body size parameter is: 4194304 bytes" app_id=api instance=DESKTOP-3DROC2S scope=dapr.runtime type=log ver=1.15.1
time="2025-07-03T17:48:38.154538792-03:00" level=info msg="gRPC server listening on TCP address: :39907" app_id=api instance=DESKTOP-3DROC2S scope=dapr.runtime.grpc.internal type=log ver=1.15.1
time="2025-07-03T17:48:38.154547429-03:00" level=info msg="Enabled gRPC tracing middleware" app_id=api instance=DESKTOP-3DROC2S scope=dapr.runtime.grpc.internal type=log ver=1.15.1
time="2025-07-03T17:48:38.154558349-03:00" level=info msg="Enabled gRPC metrics middleware" app_id=api instance=DESKTOP-3DROC2S scope=dapr.runtime.grpc.internal type=log ver=1.15.1
time="2025-07-03T17:48:38.154576534-03:00" level=info msg="Internal gRPC server is running on :39907" app_id=api instance=DESKTOP-3DROC2S scope=dapr.runtime type=log ver=1.15.1
time="2025-07-03T17:48:38.154604848-03:00" level=info msg="actors: state store is not configured - this is okay for clients but services with hosted actors will fail to initialize!" app_id=api instance=DESKTOP-3DROC2S scope=dapr.runtime type=log ver=1.15.1
time="2025-07-03T17:48:38.154613946-03:00" level=info msg="application protocol: http. waiting on port 8000.  This will block until the app is listening on that port." app_id=api instance=DESKTOP-3DROC2S scope=dapr.runtime type=log ver=1.15.1
time="2025-07-03T17:48:38.154732733-03:00" level=info msg="Actor runtime disabled: api error: code = Internal desc = the state store is not configured to use the actor runtime. Have you set the - name: actorStateStore value: \"true\" in your state store component file?" app_id=api instance=DESKTOP-3DROC2S scope=dapr.runtime.actor type=log ver=1.15.1
Updating metadata for app command: uvicorn app:app --port 8000
Updating metadata for appPID: 5110
You're up and running! Dapr logs will appear here.


termination signal received: shutting down
Exited Dapr successfully
